<?xml version="1.0" encoding="UTF-8"?>
<coverage generated="1634656540228" clover="3.2.0">
  <project timestamp="1634656540228" name="All files">
    <metrics statements="111" coveredstatements="87" conditionals="39" coveredconditionals="17" methods="31" coveredmethods="16" elements="181" coveredelements="120" complexity="0" loc="111" ncloc="111" packages="3" files="5" classes="5"/>
    <package name="src">
      <metrics statements="38" coveredstatements="22" conditionals="15" coveredconditionals="0" methods="14" coveredmethods="2"/>
      <file name="errors.ts" path="/Users/joserego/Documents/lightdash/packages/backend/src/errors.ts">
        <metrics statements="36" coveredstatements="20" conditionals="15" coveredconditionals="0" methods="14" coveredmethods="2"/>
        <line num="1" count="1" type="stmt"/>
        <line num="10" count="1" type="stmt"/>
        <line num="16" count="1" type="stmt"/>
        <line num="17" count="1" type="stmt"/>
        <line num="18" count="1" type="stmt"/>
        <line num="19" count="1" type="stmt"/>
        <line num="23" count="1" type="stmt"/>
        <line num="28" count="0" type="stmt"/>
        <line num="37" count="1" type="stmt"/>
        <line num="42" count="0" type="stmt"/>
        <line num="51" count="1" type="stmt"/>
        <line num="53" count="0" type="stmt"/>
        <line num="62" count="1" type="stmt"/>
        <line num="67" count="0" type="stmt"/>
        <line num="76" count="1" type="stmt"/>
        <line num="78" count="0" type="stmt"/>
        <line num="87" count="1" type="stmt"/>
        <line num="89" count="0" type="stmt"/>
        <line num="98" count="1" type="stmt"/>
        <line num="103" count="0" type="stmt"/>
        <line num="112" count="1" type="stmt"/>
        <line num="117" count="0" type="stmt"/>
        <line num="126" count="1" type="stmt"/>
        <line num="131" count="0" type="stmt"/>
        <line num="140" count="1" type="stmt"/>
        <line num="142" count="1" type="stmt"/>
        <line num="151" count="1" type="stmt"/>
        <line num="153" count="0" type="stmt"/>
        <line num="162" count="1" type="stmt"/>
        <line num="164" count="0" type="stmt"/>
        <line num="173" count="1" type="stmt"/>
        <line num="174" count="0" type="cond" truecount="0" falsecount="2"/>
        <line num="175" count="0" type="stmt"/>
        <line num="177" count="0" type="cond" truecount="0" falsecount="2"/>
        <line num="178" count="0" type="stmt"/>
        <line num="185" count="0" type="stmt"/>
      </file>
      <file name="version.ts" path="/Users/joserego/Documents/lightdash/packages/backend/src/version.ts">
        <metrics statements="2" coveredstatements="2" conditionals="0" coveredconditionals="0" methods="0" coveredmethods="0"/>
        <line num="2" count="1" type="stmt"/>
        <line num="4" count="1" type="stmt"/>
      </file>
    </package>
    <package name="src.analytics">
      <metrics statements="10" coveredstatements="7" conditionals="6" coveredconditionals="6" methods="3" coveredmethods="0"/>
      <file name="LightdashAnalytics.ts" path="/Users/joserego/Documents/lightdash/packages/backend/src/analytics/LightdashAnalytics.ts">
        <metrics statements="10" coveredstatements="7" conditionals="6" coveredconditionals="6" methods="3" coveredmethods="0"/>
        <line num="2" count="1" type="stmt"/>
        <line num="5" count="1" type="stmt"/>
        <line num="6" count="1" type="stmt"/>
        <line num="7" count="1" type="stmt"/>
        <line num="127" count="1" type="stmt"/>
        <line num="128" count="1" type="stmt"/>
        <line num="140" count="1" type="cond" truecount="2" falsecount="0"/>
        <line num="143" count="0" type="stmt"/>
        <line num="150" count="0" type="stmt"/>
        <line num="158" count="0" type="stmt"/>
      </file>
    </package>
    <package name="src.dbt">
      <metrics statements="63" coveredstatements="58" conditionals="18" coveredconditionals="11" methods="14" coveredmethods="14"/>
      <file name="dbtCliClient.mock.ts" path="/Users/joserego/Documents/lightdash/packages/backend/src/dbt/dbtCliClient.mock.ts">
        <metrics statements="10" coveredstatements="10" conditionals="0" coveredconditionals="0" methods="4" coveredmethods="4"/>
        <line num="8" count="1" type="stmt"/>
        <line num="16" count="1" type="stmt"/>
        <line num="27" count="1" type="stmt"/>
        <line num="34" count="1" type="stmt"/>
        <line num="35" count="3" type="stmt"/>
        <line num="36" count="1" type="stmt"/>
        <line num="38" count="1" type="stmt"/>
        <line num="42" count="1" type="stmt"/>
        <line num="49" count="1" type="stmt"/>
        <line num="58" count="1" type="stmt"/>
      </file>
      <file name="dbtCliClient.ts" path="/Users/joserego/Documents/lightdash/packages/backend/src/dbt/dbtCliClient.ts">
        <metrics statements="53" coveredstatements="48" conditionals="18" coveredconditionals="11" methods="10" coveredmethods="10"/>
        <line num="1" count="1" type="stmt"/>
        <line num="2" count="1" type="stmt"/>
        <line num="3" count="1" type="stmt"/>
        <line num="4" count="1" type="stmt"/>
        <line num="5" count="1" type="stmt"/>
        <line num="11" count="1" type="stmt"/>
        <line num="22" count="1" type="stmt"/>
        <line num="23" count="2" type="cond" truecount="3" falsecount="1"/>
        <line num="27" count="1" type="stmt"/>
        <line num="29" count="2" type="stmt"/>
        <line num="31" count="2" type="stmt"/>
        <line num="32" count="2" type="stmt"/>
        <line num="33" count="2" type="stmt"/>
        <line num="35" count="0" type="stmt"/>
        <line num="40" count="2" type="cond" truecount="1" falsecount="1"/>
        <line num="41" count="0" type="stmt"/>
        <line num="43" count="2" type="stmt"/>
        <line num="56" count="1" type="stmt"/>
        <line num="76" count="4" type="stmt"/>
        <line num="77" count="4" type="stmt"/>
        <line num="78" count="4" type="stmt"/>
        <line num="79" count="4" type="stmt"/>
        <line num="80" count="4" type="stmt"/>
        <line num="81" count="4" type="stmt"/>
        <line num="85" count="2" type="cond" truecount="1" falsecount="1"/>
        <line num="86" count="2" type="stmt"/>
        <line num="87" count="2" type="stmt"/>
        <line num="89" count="2" type="stmt"/>
        <line num="95" count="4" type="stmt"/>
        <line num="102" count="4" type="cond" truecount="1" falsecount="1"/>
        <line num="103" count="4" type="stmt"/>
        <line num="105" count="4" type="cond" truecount="1" falsecount="1"/>
        <line num="106" count="4" type="stmt"/>
        <line num="108" count="4" type="stmt"/>
        <line num="109" count="4" type="stmt"/>
        <line num="117" count="3" type="stmt"/>
        <line num="119" count="1" type="stmt"/>
        <line num="126" count="2" type="stmt"/>
        <line num="130" count="1" type="stmt"/>
        <line num="131" count="1" type="stmt"/>
        <line num="134" count="1" type="cond" truecount="1" falsecount="1"/>
        <line num="135" count="1" type="stmt"/>
        <line num="137" count="0" type="stmt"/>
        <line num="144" count="2" type="stmt"/>
        <line num="145" count="2" type="stmt"/>
        <line num="150" count="2" type="stmt"/>
        <line num="151" count="2" type="stmt"/>
        <line num="153" count="0" type="stmt"/>
        <line num="161" count="1" type="stmt"/>
        <line num="162" count="1" type="stmt"/>
        <line num="163" count="1" type="cond" truecount="1" falsecount="1"/>
        <line num="164" count="1" type="stmt"/>
        <line num="166" count="0" type="stmt"/>
      </file>
    </package>
  </project>
</coverage>
