{"/Users/joserego/Documents/lightdash/packages/backend/src/errors.ts": {"path":"/Users/joserego/Documents/lightdash/packages/backend/src/errors.ts","statementMap":{"0":{"start":{"line":1,"column":0},"end":{"line":1,"column":75}},"1":{"start":{"line":16,"column":8},"end":{"line":16,"column":23}},"2":{"start":{"line":17,"column":8},"end":{"line":17,"column":25}},"3":{"start":{"line":18,"column":8},"end":{"line":18,"column":37}},"4":{"start":{"line":19,"column":8},"end":{"line":19,"column":25}},"5":{"start":{"line":10,"column":0},"end":{"line":10,"column":13}},"6":{"start":{"line":28,"column":8},"end":{"line":33,"column":11}},"7":{"start":{"line":23,"column":0},"end":{"line":23,"column":13}},"8":{"start":{"line":42,"column":8},"end":{"line":47,"column":11}},"9":{"start":{"line":37,"column":0},"end":{"line":37,"column":13}},"10":{"start":{"line":53,"column":8},"end":{"line":58,"column":11}},"11":{"start":{"line":51,"column":0},"end":{"line":51,"column":13}},"12":{"start":{"line":67,"column":8},"end":{"line":72,"column":11}},"13":{"start":{"line":62,"column":0},"end":{"line":62,"column":13}},"14":{"start":{"line":78,"column":8},"end":{"line":83,"column":11}},"15":{"start":{"line":76,"column":0},"end":{"line":76,"column":13}},"16":{"start":{"line":89,"column":8},"end":{"line":94,"column":11}},"17":{"start":{"line":87,"column":0},"end":{"line":87,"column":13}},"18":{"start":{"line":103,"column":8},"end":{"line":108,"column":11}},"19":{"start":{"line":98,"column":0},"end":{"line":98,"column":13}},"20":{"start":{"line":117,"column":8},"end":{"line":122,"column":11}},"21":{"start":{"line":112,"column":0},"end":{"line":112,"column":13}},"22":{"start":{"line":131,"column":8},"end":{"line":136,"column":11}},"23":{"start":{"line":126,"column":0},"end":{"line":126,"column":13}},"24":{"start":{"line":142,"column":8},"end":{"line":147,"column":11}},"25":{"start":{"line":140,"column":0},"end":{"line":140,"column":13}},"26":{"start":{"line":153,"column":8},"end":{"line":158,"column":11}},"27":{"start":{"line":151,"column":0},"end":{"line":151,"column":13}},"28":{"start":{"line":164,"column":8},"end":{"line":169,"column":11}},"29":{"start":{"line":162,"column":0},"end":{"line":162,"column":13}},"30":{"start":{"line":173,"column":28},"end":{"line":186,"column":1}},"31":{"start":{"line":174,"column":4},"end":{"line":176,"column":null}},"32":{"start":{"line":175,"column":8},"end":{"line":175,"column":21}},"33":{"start":{"line":177,"column":4},"end":{"line":184,"column":null}},"34":{"start":{"line":178,"column":8},"end":{"line":183,"column":11}},"35":{"start":{"line":185,"column":4},"end":{"line":185,"column":49}},"36":{"start":{"line":173,"column":13},"end":{"line":173,"column":28}}},"fnMap":{"0":{"name":"(anonymous_0)","decl":{"start":{"line":15,"column":4},"end":{"line":15,"column":16}},"loc":{"start":{"line":15,"column":73},"end":{"line":20,"column":5}}},"1":{"name":"(anonymous_1)","decl":{"start":{"line":24,"column":4},"end":{"line":24,"column":null}},"loc":{"start":{"line":26,"column":41},"end":{"line":34,"column":5}}},"2":{"name":"(anonymous_2)","decl":{"start":{"line":38,"column":4},"end":{"line":38,"column":null}},"loc":{"start":{"line":40,"column":41},"end":{"line":48,"column":5}}},"3":{"name":"(anonymous_3)","decl":{"start":{"line":52,"column":4},"end":{"line":52,"column":16}},"loc":{"start":{"line":52,"column":31},"end":{"line":59,"column":5}}},"4":{"name":"(anonymous_4)","decl":{"start":{"line":63,"column":4},"end":{"line":63,"column":null}},"loc":{"start":{"line":65,"column":38},"end":{"line":73,"column":5}}},"5":{"name":"(anonymous_5)","decl":{"start":{"line":77,"column":4},"end":{"line":77,"column":16}},"loc":{"start":{"line":77,"column":61},"end":{"line":84,"column":5}}},"6":{"name":"(anonymous_6)","decl":{"start":{"line":88,"column":4},"end":{"line":88,"column":16}},"loc":{"start":{"line":88,"column":64},"end":{"line":95,"column":5}}},"7":{"name":"(anonymous_7)","decl":{"start":{"line":99,"column":4},"end":{"line":99,"column":null}},"loc":{"start":{"line":101,"column":36},"end":{"line":109,"column":5}}},"8":{"name":"(anonymous_8)","decl":{"start":{"line":113,"column":4},"end":{"line":113,"column":null}},"loc":{"start":{"line":115,"column":33},"end":{"line":123,"column":5}}},"9":{"name":"(anonymous_9)","decl":{"start":{"line":127,"column":4},"end":{"line":127,"column":null}},"loc":{"start":{"line":129,"column":36},"end":{"line":137,"column":5}}},"10":{"name":"(anonymous_10)","decl":{"start":{"line":141,"column":4},"end":{"line":141,"column":16}},"loc":{"start":{"line":141,"column":77},"end":{"line":148,"column":5}}},"11":{"name":"(anonymous_11)","decl":{"start":{"line":152,"column":4},"end":{"line":152,"column":16}},"loc":{"start":{"line":152,"column":31},"end":{"line":159,"column":5}}},"12":{"name":"(anonymous_12)","decl":{"start":{"line":163,"column":4},"end":{"line":163,"column":16}},"loc":{"start":{"line":163,"column":31},"end":{"line":170,"column":5}}},"13":{"name":"(anonymous_13)","decl":{"start":{"line":173,"column":28},"end":{"line":173,"column":29}},"loc":{"start":{"line":173,"column":61},"end":{"line":186,"column":1}}}},"branchMap":{"0":{"loc":{"start":{"line":25,"column":18},"end":{"line":25,"column":35}},"type":"default-arg","locations":[{"start":{"line":25,"column":18},"end":{"line":25,"column":35}}]},"1":{"loc":{"start":{"line":26,"column":39},"end":{"line":26,"column":41}},"type":"default-arg","locations":[{"start":{"line":26,"column":39},"end":{"line":26,"column":41}}]},"2":{"loc":{"start":{"line":39,"column":18},"end":{"line":39,"column":39}},"type":"default-arg","locations":[{"start":{"line":39,"column":18},"end":{"line":39,"column":39}}]},"3":{"loc":{"start":{"line":40,"column":39},"end":{"line":40,"column":41}},"type":"default-arg","locations":[{"start":{"line":40,"column":39},"end":{"line":40,"column":41}}]},"4":{"loc":{"start":{"line":64,"column":26},"end":{"line":64,"column":48}},"type":"default-arg","locations":[{"start":{"line":64,"column":26},"end":{"line":64,"column":48}}]},"5":{"loc":{"start":{"line":65,"column":36},"end":{"line":65,"column":38}},"type":"default-arg","locations":[{"start":{"line":65,"column":36},"end":{"line":65,"column":38}}]},"6":{"loc":{"start":{"line":88,"column":26},"end":{"line":88,"column":64}},"type":"default-arg","locations":[{"start":{"line":88,"column":26},"end":{"line":88,"column":64}}]},"7":{"loc":{"start":{"line":100,"column":18},"end":{"line":100,"column":68}},"type":"default-arg","locations":[{"start":{"line":100,"column":18},"end":{"line":100,"column":68}}]},"8":{"loc":{"start":{"line":114,"column":18},"end":{"line":114,"column":68}},"type":"default-arg","locations":[{"start":{"line":114,"column":18},"end":{"line":114,"column":68}}]},"9":{"loc":{"start":{"line":128,"column":18},"end":{"line":128,"column":56}},"type":"default-arg","locations":[{"start":{"line":128,"column":18},"end":{"line":128,"column":56}}]},"10":{"loc":{"start":{"line":141,"column":26},"end":{"line":141,"column":47}},"type":"default-arg","locations":[{"start":{"line":141,"column":26},"end":{"line":141,"column":47}}]},"11":{"loc":{"start":{"line":174,"column":4},"end":{"line":176,"column":null}},"type":"if","locations":[{"start":{"line":174,"column":4},"end":{"line":176,"column":null}},{"start":{"line":174,"column":4},"end":{"line":176,"column":null}}]},"12":{"loc":{"start":{"line":177,"column":4},"end":{"line":184,"column":null}},"type":"if","locations":[{"start":{"line":177,"column":4},"end":{"line":184,"column":null}},{"start":{"line":177,"column":4},"end":{"line":184,"column":null}}]}},"s":{"0":1,"1":1,"2":1,"3":1,"4":1,"5":1,"6":0,"7":1,"8":0,"9":1,"10":0,"11":1,"12":0,"13":1,"14":0,"15":1,"16":0,"17":1,"18":0,"19":1,"20":0,"21":1,"22":0,"23":1,"24":1,"25":1,"26":0,"27":1,"28":0,"29":1,"30":1,"31":0,"32":0,"33":0,"34":0,"35":0,"36":1},"f":{"0":1,"1":0,"2":0,"3":0,"4":0,"5":0,"6":0,"7":0,"8":0,"9":0,"10":1,"11":0,"12":0,"13":0},"b":{"0":[0],"1":[0],"2":[0],"3":[0],"4":[0],"5":[0],"6":[0],"7":[0],"8":[0],"9":[0],"10":[0],"11":[0,0],"12":[0,0]}}
,"/Users/joserego/Documents/lightdash/packages/backend/src/version.ts": {"path":"/Users/joserego/Documents/lightdash/packages/backend/src/version.ts","statementMap":{"0":{"start":{"line":2,"column":29},"end":{"line":2,"column":55}},"1":{"start":{"line":4,"column":9},"end":{"line":4,"column":16}}},"fnMap":{},"branchMap":{},"s":{"0":1,"1":1},"f":{},"b":{}}
,"/Users/joserego/Documents/lightdash/packages/backend/src/analytics/LightdashAnalytics.ts": {"path":"/Users/joserego/Documents/lightdash/packages/backend/src/analytics/LightdashAnalytics.ts","statementMap":{"0":{"start":{"line":2,"column":0},"end":{"line":2,"column":null}},"1":{"start":{"line":5,"column":0},"end":{"line":5,"column":36}},"2":{"start":{"line":6,"column":0},"end":{"line":6,"column":75}},"3":{"start":{"line":7,"column":0},"end":{"line":7,"column":37}},"4":{"start":{"line":143,"column":8},"end":{"line":146,"column":11}},"5":{"start":{"line":150,"column":8},"end":{"line":154,"column":11}},"6":{"start":{"line":158,"column":8},"end":{"line":161,"column":11}},"7":{"start":{"line":127,"column":0},"end":{"line":127,"column":13}},"8":{"start":{"line":128,"column":11},"end":{"line":138,"column":6}},"9":{"start":{"line":140,"column":11},"end":{"line":140,"column":70}}},"fnMap":{"0":{"name":"(anonymous_1)","decl":{"start":{"line":142,"column":4},"end":{"line":142,"column":12}},"loc":{"start":{"line":142,"column":30},"end":{"line":147,"column":5}}},"1":{"name":"(anonymous_2)","decl":{"start":{"line":149,"column":4},"end":{"line":149,"column":9}},"loc":{"start":{"line":149,"column":24},"end":{"line":155,"column":5}}},"2":{"name":"(anonymous_3)","decl":{"start":{"line":157,"column":4},"end":{"line":157,"column":9}},"loc":{"start":{"line":157,"column":24},"end":{"line":162,"column":5}}}},"branchMap":{"0":{"loc":{"start":{"line":133,"column":23},"end":{"line":133,"column":55}},"type":"binary-expr","locations":[{"start":{"line":133,"column":23},"end":{"line":133,"column":55}},{"start":{"line":133,"column":59},"end":{"line":133,"column":67}}]},"1":{"loc":{"start":{"line":135,"column":16},"end":{"line":135,"column":50}},"type":"binary-expr","locations":[{"start":{"line":135,"column":16},"end":{"line":135,"column":50}},{"start":{"line":136,"column":16},"end":{"line":136,"column":44}}]},"2":{"loc":{"start":{"line":140,"column":25},"end":{"line":140,"column":57}},"type":"binary-expr","locations":[{"start":{"line":140,"column":25},"end":{"line":140,"column":57}},{"start":{"line":140,"column":61},"end":{"line":140,"column":69}}]}},"s":{"0":1,"1":1,"2":1,"3":1,"4":0,"5":0,"6":0,"7":1,"8":1,"9":1},"f":{"0":0,"1":0,"2":0},"b":{"0":[1,1],"1":[1,1],"2":[1,1]}}
,"/Users/joserego/Documents/lightdash/packages/backend/src/dbt/dbtCliClient.mock.ts": {"path":"/Users/joserego/Documents/lightdash/packages/backend/src/dbt/dbtCliClient.mock.ts","statementMap":{"0":{"start":{"line":8,"column":13},"end":{"line":14,"column":2}},"1":{"start":{"line":16,"column":13},"end":{"line":25,"column":2}},"2":{"start":{"line":27,"column":13},"end":{"line":33,"column":2}},"3":{"start":{"line":34,"column":13},"end":{"line":40,"column":2}},"4":{"start":{"line":35,"column":24},"end":{"line":35,"column":null}},"5":{"start":{"line":35,"column":25},"end":{"line":35,"column":null}},"6":{"start":{"line":36,"column":22},"end":{"line":39,"column":null}},"7":{"start":{"line":38,"column":8},"end":{"line":38,"column":29}},"8":{"start":{"line":42,"column":13},"end":{"line":47,"column":2}},"9":{"start":{"line":49,"column":13},"end":{"line":56,"column":2}},"10":{"start":{"line":58,"column":13},"end":{"line":70,"column":2}}},"fnMap":{"0":{"name":"(anonymous_7)","decl":{"start":{"line":35,"column":13},"end":{"line":35,"column":22}},"loc":{"start":{"line":35,"column":24},"end":{"line":35,"column":null}}},"1":{"name":"(anonymous_8)","decl":{"start":{"line":35,"column":24},"end":{"line":35,"column":25}},"loc":{"start":{"line":35,"column":24},"end":{"line":35,"column":null}}},"2":{"name":"(anonymous_9)","decl":{"start":{"line":36,"column":11},"end":{"line":36,"column":20}},"loc":{"start":{"line":36,"column":22},"end":{"line":39,"column":null}}},"3":{"name":"(anonymous_10)","decl":{"start":{"line":36,"column":22},"end":{"line":36,"column":null}},"loc":{"start":{"line":36,"column":22},"end":{"line":39,"column":5}}}},"branchMap":{},"s":{"0":1,"1":1,"2":1,"3":1,"4":3,"5":3,"6":1,"7":1,"8":1,"9":1,"10":1},"f":{"0":3,"1":3,"2":1,"3":1},"b":{}}
,"/Users/joserego/Documents/lightdash/packages/backend/src/dbt/dbtCliClient.ts": {"path":"/Users/joserego/Documents/lightdash/packages/backend/src/dbt/dbtCliClient.ts","statementMap":{"0":{"start":{"line":1,"column":0},"end":{"line":1,"column":26}},"1":{"start":{"line":2,"column":0},"end":{"line":2,"column":43}},"2":{"start":{"line":3,"column":0},"end":{"line":3,"column":34}},"3":{"start":{"line":4,"column":0},"end":{"line":4,"column":24}},"4":{"start":{"line":5,"column":0},"end":{"line":5,"column":null}},"5":{"start":{"line":11,"column":0},"end":{"line":11,"column":49}},"6":{"start":{"line":22,"column":23},"end":{"line":25,"column":78}},"7":{"start":{"line":23,"column":4},"end":{"line":25,"column":78}},"8":{"start":{"line":27,"column":28},"end":{"line":46,"column":2}},"9":{"start":{"line":29,"column":31},"end":{"line":46,"column":2}},"10":{"start":{"line":31,"column":23},"end":{"line":31,"column":72}},"11":{"start":{"line":32,"column":4},"end":{"line":39,"column":null}},"12":{"start":{"line":33,"column":8},"end":{"line":33,"column":66}},"13":{"start":{"line":35,"column":8},"end":{"line":38,"column":10}},"14":{"start":{"line":40,"column":4},"end":{"line":42,"column":null}},"15":{"start":{"line":41,"column":8},"end":{"line":41,"column":53}},"16":{"start":{"line":43,"column":4},"end":{"line":45,"column":6}},"17":{"start":{"line":27,"column":13},"end":{"line":27,"column":28}},"18":{"start":{"line":76,"column":8},"end":{"line":76,"column":55}},"19":{"start":{"line":77,"column":8},"end":{"line":77,"column":57}},"20":{"start":{"line":78,"column":8},"end":{"line":78,"column":39}},"21":{"start":{"line":79,"column":8},"end":{"line":79,"column":39}},"22":{"start":{"line":80,"column":8},"end":{"line":80,"column":29}},"23":{"start":{"line":81,"column":8},"end":{"line":81,"column":41}},"24":{"start":{"line":85,"column":8},"end":{"line":88,"column":null}},"25":{"start":{"line":86,"column":27},"end":{"line":86,"column":71}},"26":{"start":{"line":87,"column":12},"end":{"line":87,"column":52}},"27":{"start":{"line":89,"column":8},"end":{"line":89,"column":36}},"28":{"start":{"line":95,"column":24},"end":{"line":101,"column":10}},"29":{"start":{"line":102,"column":8},"end":{"line":104,"column":null}},"30":{"start":{"line":103,"column":12},"end":{"line":103,"column":50}},"31":{"start":{"line":105,"column":8},"end":{"line":107,"column":null}},"32":{"start":{"line":106,"column":12},"end":{"line":106,"column":56}},"33":{"start":{"line":108,"column":8},"end":{"line":122,"column":null}},"34":{"start":{"line":109,"column":31},"end":{"line":116,"column":14}},"35":{"start":{"line":117,"column":12},"end":{"line":117,"column":34}},"36":{"start":{"line":119,"column":12},"end":{"line":121,"column":15}},"37":{"start":{"line":126,"column":8},"end":{"line":126,"column":42}},"38":{"start":{"line":130,"column":24},"end":{"line":130,"column":60}},"39":{"start":{"line":131,"column":28},"end":{"line":133,"column":10}},"40":{"start":{"line":134,"column":8},"end":{"line":136,"column":null}},"41":{"start":{"line":135,"column":12},"end":{"line":135,"column":31}},"42":{"start":{"line":137,"column":8},"end":{"line":140,"column":10}},"43":{"start":{"line":144,"column":26},"end":{"line":144,"column":58}},"44":{"start":{"line":145,"column":25},"end":{"line":148,"column":null}},"45":{"start":{"line":150,"column":8},"end":{"line":157,"column":null}},"46":{"start":{"line":151,"column":12},"end":{"line":151,"column":68}},"47":{"start":{"line":153,"column":12},"end":{"line":156,"column":14}},"48":{"start":{"line":161,"column":24},"end":{"line":161,"column":69}},"49":{"start":{"line":162,"column":27},"end":{"line":162,"column":70}},"50":{"start":{"line":163,"column":8},"end":{"line":165,"column":null}},"51":{"start":{"line":164,"column":12},"end":{"line":164,"column":30}},"52":{"start":{"line":166,"column":8},"end":{"line":169,"column":10}},"53":{"start":{"line":56,"column":0},"end":{"line":56,"column":13}}},"fnMap":{"0":{"name":"(anonymous_14)","decl":{"start":{"line":22,"column":23},"end":{"line":22,"column":24}},"loc":{"start":{"line":23,"column":4},"end":{"line":25,"column":78}}},"1":{"name":"(anonymous_15)","decl":{"start":{"line":27,"column":28},"end":{"line":27,"column":null}},"loc":{"start":{"line":29,"column":31},"end":{"line":46,"column":2}}},"2":{"name":"(anonymous_16)","decl":{"start":{"line":29,"column":31},"end":{"line":29,"column":null}},"loc":{"start":{"line":29,"column":31},"end":{"line":46,"column":1}}},"3":{"name":"(anonymous_17)","decl":{"start":{"line":69,"column":4},"end":{"line":69,"column":16}},"loc":{"start":{"line":75,"column":17},"end":{"line":82,"column":5}}},"4":{"name":"(anonymous_18)","decl":{"start":{"line":84,"column":18},"end":{"line":84,"column":37}},"loc":{"start":{"line":84,"column":37},"end":{"line":90,"column":null}}},"5":{"name":"(anonymous_20)","decl":{"start":{"line":92,"column":18},"end":{"line":92,"column":32}},"loc":{"start":{"line":93,"column":28},"end":{"line":123,"column":null}}},"6":{"name":"(anonymous_22)","decl":{"start":{"line":125,"column":10},"end":{"line":125,"column":21}},"loc":{"start":{"line":125,"column":21},"end":{"line":127,"column":null}}},"7":{"name":"(anonymous_24)","decl":{"start":{"line":129,"column":10},"end":{"line":129,"column":24}},"loc":{"start":{"line":129,"column":24},"end":{"line":141,"column":null}}},"8":{"name":"(anonymous_26)","decl":{"start":{"line":143,"column":18},"end":{"line":143,"column":34}},"loc":{"start":{"line":143,"column":51},"end":{"line":158,"column":null}}},"9":{"name":"(anonymous_28)","decl":{"start":{"line":160,"column":10},"end":{"line":160,"column":23}},"loc":{"start":{"line":160,"column":23},"end":{"line":170,"column":null}}}},"branchMap":{"0":{"loc":{"start":{"line":23,"column":4},"end":{"line":23,"column":27}},"type":"binary-expr","locations":[{"start":{"line":23,"column":4},"end":{"line":23,"column":27}},{"start":{"line":24,"column":4},"end":{"line":24,"column":16}},{"start":{"line":25,"column":5},"end":{"line":25,"column":36}},{"start":{"line":25,"column":40},"end":{"line":25,"column":77}}]},"1":{"loc":{"start":{"line":40,"column":4},"end":{"line":42,"column":null}},"type":"if","locations":[{"start":{"line":40,"column":4},"end":{"line":42,"column":null}},{"start":{"line":40,"column":4},"end":{"line":42,"column":null}}]},"2":{"loc":{"start":{"line":44,"column":19},"end":{"line":44,"column":39}},"type":"binary-expr","locations":[{"start":{"line":44,"column":19},"end":{"line":44,"column":39}},{"start":{"line":44,"column":43},"end":{"line":44,"column":52}}]},"3":{"loc":{"start":{"line":85,"column":8},"end":{"line":88,"column":null}},"type":"if","locations":[{"start":{"line":85,"column":8},"end":{"line":88,"column":null}},{"start":{"line":85,"column":8},"end":{"line":88,"column":null}}]},"4":{"loc":{"start":{"line":102,"column":8},"end":{"line":104,"column":null}},"type":"if","locations":[{"start":{"line":102,"column":8},"end":{"line":104,"column":null}},{"start":{"line":102,"column":8},"end":{"line":104,"column":null}}]},"5":{"loc":{"start":{"line":105,"column":8},"end":{"line":107,"column":null}},"type":"if","locations":[{"start":{"line":105,"column":8},"end":{"line":107,"column":null}},{"start":{"line":105,"column":8},"end":{"line":107,"column":null}}]},"6":{"loc":{"start":{"line":134,"column":8},"end":{"line":136,"column":null}},"type":"if","locations":[{"start":{"line":134,"column":8},"end":{"line":136,"column":null}},{"start":{"line":134,"column":8},"end":{"line":136,"column":null}}]},"7":{"loc":{"start":{"line":163,"column":8},"end":{"line":165,"column":null}},"type":"if","locations":[{"start":{"line":163,"column":8},"end":{"line":165,"column":null}},{"start":{"line":163,"column":8},"end":{"line":165,"column":null}}]}},"s":{"0":1,"1":1,"2":1,"3":1,"4":1,"5":1,"6":1,"7":2,"8":1,"9":2,"10":2,"11":2,"12":2,"13":0,"14":2,"15":0,"16":2,"17":1,"18":4,"19":4,"20":4,"21":4,"22":4,"23":4,"24":2,"25":2,"26":2,"27":2,"28":4,"29":4,"30":4,"31":4,"32":4,"33":4,"34":4,"35":3,"36":1,"37":2,"38":1,"39":1,"40":1,"41":1,"42":0,"43":2,"44":2,"45":2,"46":2,"47":0,"48":1,"49":1,"50":1,"51":1,"52":0,"53":1},"f":{"0":2,"1":2,"2":2,"3":4,"4":2,"5":4,"6":2,"7":1,"8":2,"9":1},"b":{"0":[2,2,2,0],"1":[0,2],"2":[2,2],"3":[2,0],"4":[4,0],"5":[4,0],"6":[1,0],"7":[1,0]}}
}
