TN:
SF:src/errors.ts
FN:15,(anonymous_0)
FN:24,(anonymous_1)
FN:38,(anonymous_2)
FN:52,(anonymous_3)
FN:63,(anonymous_4)
FN:77,(anonymous_5)
FN:88,(anonymous_6)
FN:99,(anonymous_7)
FN:113,(anonymous_8)
FN:127,(anonymous_9)
FN:141,(anonymous_10)
FN:152,(anonymous_11)
FN:163,(anonymous_12)
FN:173,(anonymous_13)
FNF:14
FNH:2
FNDA:1,(anonymous_0)
FNDA:0,(anonymous_1)
FNDA:0,(anonymous_2)
FNDA:0,(anonymous_3)
FNDA:0,(anonymous_4)
FNDA:0,(anonymous_5)
FNDA:0,(anonymous_6)
FNDA:0,(anonymous_7)
FNDA:0,(anonymous_8)
FNDA:0,(anonymous_9)
FNDA:1,(anonymous_10)
FNDA:0,(anonymous_11)
FNDA:0,(anonymous_12)
FNDA:0,(anonymous_13)
DA:1,1
DA:10,1
DA:16,1
DA:17,1
DA:18,1
DA:19,1
DA:23,1
DA:28,0
DA:37,1
DA:42,0
DA:51,1
DA:53,0
DA:62,1
DA:67,0
DA:76,1
DA:78,0
DA:87,1
DA:89,0
DA:98,1
DA:103,0
DA:112,1
DA:117,0
DA:126,1
DA:131,0
DA:140,1
DA:142,1
DA:151,1
DA:153,0
DA:162,1
DA:164,0
DA:173,1
DA:174,0
DA:175,0
DA:177,0
DA:178,0
DA:185,0
LF:36
LH:20
BRDA:25,0,0,0
BRDA:26,1,0,0
BRDA:39,2,0,0
BRDA:40,3,0,0
BRDA:64,4,0,0
BRDA:65,5,0,0
BRDA:88,6,0,0
BRDA:100,7,0,0
BRDA:114,8,0,0
BRDA:128,9,0,0
BRDA:141,10,0,0
BRDA:174,11,0,0
BRDA:174,11,1,0
BRDA:177,12,0,0
BRDA:177,12,1,0
BRF:15
BRH:0
end_of_record
TN:
SF:src/version.ts
FNF:0
FNH:0
DA:2,1
DA:4,1
LF:2
LH:2
BRF:0
BRH:0
end_of_record
TN:
SF:src/analytics/LightdashAnalytics.ts
FN:142,(anonymous_1)
FN:149,(anonymous_2)
FN:157,(anonymous_3)
FNF:3
FNH:0
FNDA:0,(anonymous_1)
FNDA:0,(anonymous_2)
FNDA:0,(anonymous_3)
DA:2,1
DA:5,1
DA:6,1
DA:7,1
DA:127,1
DA:128,1
DA:140,1
DA:143,0
DA:150,0
DA:158,0
LF:10
LH:7
BRDA:133,0,0,1
BRDA:133,0,1,1
BRDA:135,1,0,1
BRDA:135,1,1,1
BRDA:140,2,0,1
BRDA:140,2,1,1
BRF:6
BRH:6
end_of_record
TN:
SF:src/dbt/dbtCliClient.mock.ts
FN:35,(anonymous_7)
FN:35,(anonymous_8)
FN:36,(anonymous_9)
FN:36,(anonymous_10)
FNF:4
FNH:4
FNDA:3,(anonymous_7)
FNDA:3,(anonymous_8)
FNDA:1,(anonymous_9)
FNDA:1,(anonymous_10)
DA:8,1
DA:16,1
DA:27,1
DA:34,1
DA:35,3
DA:36,1
DA:38,1
DA:42,1
DA:49,1
DA:58,1
LF:10
LH:10
BRF:0
BRH:0
end_of_record
TN:
SF:src/dbt/dbtCliClient.ts
FN:22,(anonymous_14)
FN:27,(anonymous_15)
FN:29,(anonymous_16)
FN:69,(anonymous_17)
FN:84,(anonymous_18)
FN:92,(anonymous_20)
FN:125,(anonymous_22)
FN:129,(anonymous_24)
FN:143,(anonymous_26)
FN:160,(anonymous_28)
FNF:10
FNH:10
FNDA:2,(anonymous_14)
FNDA:2,(anonymous_15)
FNDA:2,(anonymous_16)
FNDA:4,(anonymous_17)
FNDA:2,(anonymous_18)
FNDA:4,(anonymous_20)
FNDA:2,(anonymous_22)
FNDA:1,(anonymous_24)
FNDA:2,(anonymous_26)
FNDA:1,(anonymous_28)
DA:1,1
DA:2,1
DA:3,1
DA:4,1
DA:5,1
DA:11,1
DA:22,1
DA:23,2
DA:27,1
DA:29,2
DA:31,2
DA:32,2
DA:33,2
DA:35,0
DA:40,2
DA:41,0
DA:43,2
DA:56,1
DA:76,4
DA:77,4
DA:78,4
DA:79,4
DA:80,4
DA:81,4
DA:85,2
DA:86,2
DA:87,2
DA:89,2
DA:95,4
DA:102,4
DA:103,4
DA:105,4
DA:106,4
DA:108,4
DA:109,4
DA:117,3
DA:119,1
DA:126,2
DA:130,1
DA:131,1
DA:134,1
DA:135,1
DA:137,0
DA:144,2
DA:145,2
DA:150,2
DA:151,2
DA:153,0
DA:161,1
DA:162,1
DA:163,1
DA:164,1
DA:166,0
LF:53
LH:48
BRDA:23,0,0,2
BRDA:23,0,1,2
BRDA:23,0,2,2
BRDA:23,0,3,0
BRDA:40,1,0,0
BRDA:40,1,1,2
BRDA:44,2,0,2
BRDA:44,2,1,2
BRDA:85,3,0,2
BRDA:85,3,1,0
BRDA:102,4,0,4
BRDA:102,4,1,0
BRDA:105,5,0,4
BRDA:105,5,1,0
BRDA:134,6,0,1
BRDA:134,6,1,0
BRDA:163,7,0,1
BRDA:163,7,1,0
BRF:18
BRH:11
end_of_record
